TN:
SF:src/app/auth.guard.ts
FN:6,(anonymous_0)
FNF:1
FNH:1
FNDA:2,(anonymous_0)
DA:6,1
DA:7,2
DA:8,2
DA:11,2
LF:4
LH:4
BRDA:11,0,0,1
BRDA:11,0,1,1
BRF:2
BRH:2
end_of_record
TN:
SF:src/app/auth.service.ts
FN:17,(anonymous_0)
FN:19,(anonymous_1)
FN:29,(anonymous_2)
FN:36,(anonymous_3)
FN:40,(anonymous_4)
FN:45,(anonymous_5)
FNF:6
FNH:0
FNDA:0,(anonymous_0)
FNDA:0,(anonymous_1)
FNDA:0,(anonymous_2)
FNDA:0,(anonymous_3)
FNDA:0,(anonymous_4)
FNDA:0,(anonymous_5)
DA:16,1
DA:17,0
DA:21,0
DA:26,0
DA:31,0
DA:37,0
DA:42,0
DA:46,0
LF:8
LH:1
BRF:0
BRH:0
end_of_record
TN:
SF:src/app/components/book-details/book-details.component.ts
FN:17,(anonymous_0)
FN:23,(anonymous_1)
FN:41,(anonymous_2)
FN:47,(anonymous_3)
FN:53,(anonymous_4)
FN:64,(anonymous_5)
FN:73,(anonymous_6)
FN:84,(anonymous_7)
FNF:8
FNH:8
FNDA:7,(anonymous_0)
FNDA:3,(anonymous_1)
FNDA:1,(anonymous_2)
FNDA:1,(anonymous_3)
FNDA:2,(anonymous_4)
FNDA:2,(anonymous_5)
FNDA:3,(anonymous_6)
FNDA:2,(anonymous_7)
DA:12,1
DA:13,7
DA:14,7
DA:15,7
DA:18,7
DA:19,7
DA:20,7
DA:24,3
DA:25,3
DA:26,3
DA:27,3
DA:31,3
DA:35,3
DA:36,1
DA:37,1
DA:40,2
DA:43,1
DA:44,1
DA:45,1
DA:48,1
DA:54,2
DA:61,2
DA:65,2
DA:70,2
DA:74,3
DA:81,3
DA:85,2
DA:86,2
DA:87,1
DA:88,1
DA:91,1
LF:31
LH:31
BRDA:31,0,0,3
BRDA:31,0,1,0
BRDA:31,0,2,0
BRDA:33,1,0,0
BRDA:33,1,1,0
BRDA:33,2,0,0
BRDA:33,2,1,0
BRDA:35,3,0,1
BRDA:61,4,0,1
BRDA:61,4,1,1
BRDA:61,5,0,1
BRDA:61,5,1,0
BRDA:70,6,0,1
BRDA:70,6,1,1
BRDA:70,7,0,1
BRDA:70,7,1,0
BRDA:81,8,0,2
BRDA:81,8,1,1
BRDA:81,9,0,2
BRDA:81,9,1,1
BRDA:86,10,0,1
BRF:21
BRH:13
end_of_record
TN:
SF:src/app/components/book-edit/book-edit.component.ts
FN:26,(anonymous_0)
FN:33,(anonymous_1)
FN:51,(anonymous_2)
FN:52,(anonymous_3)
FN:60,(anonymous_4)
FN:65,(anonymous_5)
FN:72,(anonymous_6)
FN:106,(anonymous_7)
FN:110,(anonymous_8)
FN:117,(anonymous_9)
FN:128,(anonymous_10)
FN:137,(anonymous_11)
FNF:12
FNH:8
FNDA:5,(anonymous_0)
FNDA:4,(anonymous_1)
FNDA:2,(anonymous_2)
FNDA:1,(anonymous_3)
FNDA:1,(anonymous_4)
FNDA:1,(anonymous_5)
FNDA:1,(anonymous_6)
FNDA:0,(anonymous_7)
FNDA:0,(anonymous_8)
FNDA:0,(anonymous_9)
FNDA:0,(anonymous_10)
FNDA:1,(anonymous_11)
DA:14,1
DA:15,5
DA:16,5
DA:17,5
DA:18,5
DA:19,5
DA:20,5
DA:21,5
DA:22,5
DA:23,5
DA:24,5
DA:27,5
DA:28,5
DA:29,5
DA:30,5
DA:34,4
DA:35,1
DA:36,1
DA:39,3
DA:40,3
DA:42,3
DA:43,0
DA:46,3
DA:52,2
DA:53,2
DA:54,1
DA:55,1
DA:56,1
DA:59,1
DA:60,1
DA:61,1
DA:62,1
DA:63,1
DA:66,1
DA:67,1
DA:73,1
DA:74,1
DA:77,0
DA:78,0
DA:80,0
DA:95,0
DA:101,0
DA:107,0
DA:108,0
DA:111,0
DA:112,0
DA:118,0
DA:125,0
DA:129,0
DA:134,0
DA:138,1
DA:139,0
DA:142,1
LF:53
LH:38
BRDA:34,0,0,1
BRDA:42,1,0,0
BRDA:53,2,0,1
BRDA:53,3,0,2
BRDA:53,3,1,1
BRDA:59,4,0,1
BRDA:59,4,1,0
BRDA:61,5,0,1
BRDA:61,5,1,0
BRDA:62,6,0,1
BRDA:62,6,1,0
BRDA:73,7,0,1
BRDA:73,8,0,1
BRDA:73,8,1,1
BRDA:86,9,0,0
BRDA:86,9,1,0
BRDA:87,10,0,0
BRDA:87,10,1,0
BRDA:88,11,0,0
BRDA:88,11,1,0
BRDA:89,12,0,0
BRDA:89,12,1,0
BRDA:90,13,0,0
BRDA:90,13,1,0
BRDA:92,14,0,0
BRDA:92,14,1,0
BRDA:98,15,0,0
BRDA:98,15,1,0
BRDA:111,16,0,0
BRDA:111,16,1,0
BRDA:125,17,0,0
BRDA:125,17,1,0
BRDA:134,18,0,0
BRDA:134,18,1,0
BRDA:138,19,0,0
BRF:35
BRH:10
end_of_record
TN:
SF:src/app/components/dashboard/dashboard.component.ts
FN:20,(anonymous_0)
FN:26,(anonymous_1)
FN:33,(anonymous_2)
FN:38,(anonymous_3)
FN:45,(anonymous_4)
FN:54,(anonymous_5)
FN:59,(anonymous_6)
FN:66,(anonymous_7)
FNF:8
FNH:5
FNDA:4,(anonymous_0)
FNDA:3,(anonymous_1)
FNDA:1,(anonymous_2)
FNDA:1,(anonymous_3)
FNDA:1,(anonymous_4)
FNDA:0,(anonymous_5)
FNDA:0,(anonymous_6)
FNDA:0,(anonymous_7)
DA:13,1
DA:14,4
DA:15,4
DA:16,4
DA:17,4
DA:18,4
DA:21,4
DA:22,4
DA:23,4
DA:27,3
DA:28,1
DA:29,1
DA:32,2
DA:34,1
DA:35,1
DA:36,1
DA:39,1
DA:40,1
DA:46,1
DA:48,1
DA:49,1
DA:52,0
DA:53,0
DA:55,0
DA:56,0
DA:57,0
DA:60,0
DA:61,0
DA:68,0
DA:79,0
LF:30
LH:21
BRDA:27,0,0,1
BRDA:46,1,0,1
BRDA:79,2,0,0
BRDA:79,2,1,0
BRF:4
BRH:2
end_of_record
TN:
SF:src/app/components/library/library.component.ts
FN:26,(anonymous_0)
FN:32,(anonymous_1)
FN:41,(anonymous_2)
FN:45,(anonymous_3)
FN:49,(anonymous_4)
FN:56,(anonymous_5)
FN:58,(anonymous_6)
FN:59,(anonymous_7)
FN:61,(anonymous_8)
FN:67,(anonymous_9)
FN:72,(anonymous_10)
FN:77,(anonymous_11)
FN:81,(anonymous_12)
FN:82,(anonymous_13)
FN:83,(anonymous_14)
FN:84,(anonymous_15)
FN:87,(anonymous_16)
FN:89,(anonymous_17)
FN:90,(anonymous_18)
FN:94,(anonymous_19)
FN:105,(anonymous_20)
FN:114,(anonymous_21)
FN:131,(anonymous_22)
FN:132,(anonymous_23)
FN:136,(anonymous_24)
FN:142,(anonymous_25)
FN:147,(anonymous_26)
FN:163,(anonymous_27)
FNF:28
FNH:5
FNDA:4,(anonymous_0)
FNDA:3,(anonymous_1)
FNDA:3,(anonymous_2)
FNDA:2,(anonymous_3)
FNDA:1,(anonymous_4)
FNDA:0,(anonymous_5)
FNDA:0,(anonymous_6)
FNDA:0,(anonymous_7)
FNDA:0,(anonymous_8)
FNDA:0,(anonymous_9)
FNDA:0,(anonymous_10)
FNDA:0,(anonymous_11)
FNDA:0,(anonymous_12)
FNDA:0,(anonymous_13)
FNDA:0,(anonymous_14)
FNDA:0,(anonymous_15)
FNDA:0,(anonymous_16)
FNDA:0,(anonymous_17)
FNDA:0,(anonymous_18)
FNDA:0,(anonymous_19)
FNDA:0,(anonymous_20)
FNDA:0,(anonymous_21)
FNDA:0,(anonymous_22)
FNDA:0,(anonymous_23)
FNDA:0,(anonymous_24)
FNDA:0,(anonymous_25)
FNDA:0,(anonymous_26)
FNDA:0,(anonymous_27)
DA:13,1
DA:14,4
DA:15,4
DA:16,4
DA:17,4
DA:18,4
DA:19,4
DA:20,4
DA:21,4
DA:22,4
DA:23,4
DA:24,4
DA:27,4
DA:28,4
DA:29,4
DA:33,3
DA:34,1
DA:35,1
DA:38,2
DA:42,3
DA:43,3
DA:44,3
DA:46,2
DA:47,2
DA:50,1
DA:51,1
DA:57,0
DA:59,0
DA:62,0
DA:68,0
DA:69,0
DA:73,0
DA:74,0
DA:80,0
DA:81,0
DA:82,0
DA:83,0
DA:84,0
DA:88,0
DA:89,0
DA:90,0
DA:91,0
DA:95,0
DA:102,0
DA:106,0
DA:111,0
DA:115,0
DA:130,0
DA:132,0
DA:133,0
DA:137,0
DA:144,0
DA:145,0
DA:148,0
DA:150,0
DA:152,0
DA:154,0
DA:156,0
DA:159,0
DA:164,0
DA:169,0
LF:61
LH:26
BRDA:33,0,0,1
BRDA:81,1,0,0
BRDA:81,1,1,0
BRDA:82,2,0,0
BRDA:82,2,1,0
BRDA:83,3,0,0
BRDA:83,3,1,0
BRDA:102,4,0,0
BRDA:102,4,1,0
BRDA:111,5,0,0
BRDA:111,5,1,0
BRDA:121,6,0,0
BRDA:121,6,1,0
BRDA:122,7,0,0
BRDA:122,7,1,0
BRDA:123,8,0,0
BRDA:123,8,1,0
BRDA:124,9,0,0
BRDA:124,9,1,0
BRDA:125,10,0,0
BRDA:125,10,1,0
BRDA:127,11,0,0
BRDA:127,11,1,0
BRDA:133,12,0,0
BRDA:133,12,1,0
BRDA:148,13,0,0
BRDA:148,13,1,0
BRDA:148,13,2,0
BRDA:148,13,3,0
BRDA:148,13,4,0
BRDA:148,13,5,0
BRDA:154,14,0,0
BRDA:154,14,1,0
BRDA:154,15,0,0
BRDA:154,15,1,0
BRDA:169,16,0,0
BRDA:169,16,1,0
BRF:37
BRH:1
end_of_record
TN:
SF:src/app/components/login/login.component.ts
FN:16,(anonymous_0)
FN:18,(anonymous_1)
FN:21,(anonymous_2)
FN:25,(anonymous_3)
FNF:4
FNH:4
FNDA:2,(anonymous_0)
FNDA:2,(anonymous_1)
FNDA:1,(anonymous_2)
FNDA:1,(anonymous_3)
DA:11,1
DA:12,2
DA:13,2
DA:14,2
DA:16,2
DA:19,2
DA:20,2
DA:23,1
DA:26,1
LF:9
LH:9
BRF:0
BRH:0
end_of_record
TN:
SF:src/app/components/recommendations/recommendations.component.ts
FN:18,(anonymous_0)
FN:24,(anonymous_1)
FN:31,(anonymous_2)
FN:35,(anonymous_3)
FN:42,(anonymous_4)
FN:44,(anonymous_5)
FN:46,(anonymous_6)
FN:52,(anonymous_7)
FN:58,(anonymous_8)
FNF:9
FNH:4
FNDA:3,(anonymous_0)
FNDA:3,(anonymous_1)
FNDA:1,(anonymous_2)
FNDA:1,(anonymous_3)
FNDA:0,(anonymous_4)
FNDA:0,(anonymous_5)
FNDA:0,(anonymous_6)
FNDA:0,(anonymous_7)
FNDA:0,(anonymous_8)
DA:13,1
DA:14,3
DA:15,3
DA:16,3
DA:19,3
DA:20,3
DA:21,3
DA:25,3
DA:26,1
DA:27,1
DA:30,2
DA:32,1
DA:33,1
DA:36,1
DA:37,1
DA:43,0
DA:46,0
DA:47,0
DA:53,0
DA:60,0
DA:61,0
LF:21
LH:15
BRDA:25,0,0,1
BRDA:47,1,0,0
BRDA:47,1,1,0
BRF:3
BRH:1
end_of_record
TN:
SF:src/app/components/register/register.component.ts
FN:17,(anonymous_0)
FN:19,(anonymous_1)
FN:27,(anonymous_2)
FN:31,(anonymous_3)
FNF:4
FNH:4
FNDA:4,(anonymous_0)
FNDA:4,(anonymous_1)
FNDA:1,(anonymous_2)
FNDA:2,(anonymous_3)
DA:11,1
DA:12,4
DA:13,4
DA:14,4
DA:15,4
DA:17,4
DA:20,4
DA:21,4
DA:22,1
DA:23,1
DA:26,3
DA:29,1
DA:32,2
DA:33,2
DA:34,1
DA:35,1
DA:38,1
LF:17
LH:17
BRDA:21,0,0,1
BRDA:33,1,0,1
BRF:2
BRH:2
end_of_record
TN:
SF:src/app/components/search/search.component.ts
FN:19,(anonymous_0)
FN:26,(anonymous_1)
FN:35,(anonymous_2)
FN:46,(anonymous_3)
FN:50,(anonymous_4)
FN:57,(anonymous_5)
FN:64,(anonymous_6)
FN:65,(anonymous_7)
FN:71,(anonymous_8)
FN:77,(anonymous_9)
FNF:10
FNH:9
FNDA:8,(anonymous_0)
FNDA:2,(anonymous_1)
FNDA:3,(anonymous_2)
FNDA:1,(anonymous_3)
FNDA:1,(anonymous_4)
FNDA:2,(anonymous_5)
FNDA:1,(anonymous_6)
FNDA:1,(anonymous_7)
FNDA:0,(anonymous_8)
FNDA:1,(anonymous_9)
DA:13,1
DA:14,8
DA:15,8
DA:16,8
DA:17,8
DA:20,8
DA:21,8
DA:22,8
DA:23,8
DA:28,2
DA:29,2
DA:30,2
DA:31,1
DA:36,3
DA:37,3
DA:38,1
DA:41,2
DA:42,2
DA:44,2
DA:45,2
DA:47,1
DA:48,1
DA:51,1
DA:52,1
DA:58,2
DA:59,1
DA:60,1
DA:63,1
DA:65,1
DA:66,1
DA:72,0
DA:78,1
DA:79,1
DA:81,1
DA:83,1
DA:84,1
LF:36
LH:35
BRDA:29,0,0,2
BRDA:29,0,1,1
BRDA:30,1,0,1
BRDA:37,2,0,1
BRDA:58,3,0,1
BRDA:66,4,0,1
BRDA:66,4,1,0
BRDA:79,5,0,1
BRF:8
BRH:7
end_of_record
TN:
SF:src/app/services/api.service.ts
FN:13,(anonymous_0)
FN:15,(anonymous_1)
FN:21,(anonymous_2)
FN:27,(anonymous_3)
FN:33,(anonymous_4)
FN:39,(anonymous_5)
FNF:6
FNH:4
FNDA:3,(anonymous_0)
FNDA:2,(anonymous_1)
FNDA:1,(anonymous_2)
FNDA:1,(anonymous_3)
FNDA:0,(anonymous_4)
FNDA:0,(anonymous_5)
DA:8,1
DA:11,3
DA:13,3
DA:16,2
DA:18,2
DA:22,1
DA:28,1
DA:34,0
DA:40,0
LF:9
LH:7
BRDA:18,0,0,1
BRDA:18,0,1,1
BRF:2
BRH:2
end_of_record
TN:
SF:src/app/services/book.service.ts
FN:15,(anonymous_0)
FN:17,(anonymous_1)
FN:21,(anonymous_2)
FN:25,(anonymous_3)
FN:37,(anonymous_4)
FN:41,(anonymous_5)
FN:45,(anonymous_6)
FN:49,(anonymous_7)
FN:53,(anonymous_8)
FN:57,(anonymous_9)
FN:61,(anonymous_10)
FN:65,(anonymous_11)
FN:69,(anonymous_12)
FN:75,(anonymous_13)
FN:80,(anonymous_14)
FN:85,(anonymous_15)
FNF:16
FNH:7
FNDA:3,(anonymous_0)
FNDA:1,(anonymous_1)
FNDA:0,(anonymous_2)
FNDA:1,(anonymous_3)
FNDA:0,(anonymous_4)
FNDA:0,(anonymous_5)
FNDA:0,(anonymous_6)
FNDA:0,(anonymous_7)
FNDA:0,(anonymous_8)
FNDA:0,(anonymous_9)
FNDA:0,(anonymous_10)
FNDA:0,(anonymous_11)
FNDA:1,(anonymous_12)
FNDA:1,(anonymous_13)
FNDA:1,(anonymous_14)
FNDA:1,(anonymous_15)
DA:10,1
DA:12,3
DA:13,3
DA:15,3
DA:18,1
DA:22,0
DA:27,1
DA:38,0
DA:42,0
DA:46,0
DA:50,0
DA:54,0
DA:58,0
DA:62,0
DA:66,0
DA:72,1
DA:76,1
DA:77,1
DA:82,1
DA:86,1
LF:20
LH:11
BRDA:77,0,0,1
BRDA:77,0,1,0
BRDA:86,1,0,1
BRDA:86,1,1,0
BRF:4
BRH:2
end_of_record
