TN:
SF:src/app/auth.guard.ts
FN:6,(anonymous_0)
FNF:1
FNH:1
FNDA:2,(anonymous_0)
DA:6,1
DA:7,2
DA:8,2
DA:11,2
LF:4
LH:4
BRDA:11,0,0,1
BRDA:11,0,1,1
BRF:2
BRH:2
end_of_record
TN:
SF:src/app/auth.service.ts
FN:17,(anonymous_0)
FN:19,(anonymous_1)
FN:29,(anonymous_2)
FN:36,(anonymous_3)
FN:40,(anonymous_4)
FN:45,(anonymous_5)
FNF:6
FNH:0
FNDA:0,(anonymous_0)
FNDA:0,(anonymous_1)
FNDA:0,(anonymous_2)
FNDA:0,(anonymous_3)
FNDA:0,(anonymous_4)
FNDA:0,(anonymous_5)
DA:16,1
DA:17,0
DA:21,0
DA:26,0
DA:31,0
DA:37,0
DA:42,0
DA:46,0
LF:8
LH:1
BRF:0
BRH:0
end_of_record
TN:
SF:src/app/components/book-details/book-details.component.ts
FN:17,(anonymous_0)
FN:23,(anonymous_1)
FN:41,(anonymous_2)
FN:47,(anonymous_3)
FN:53,(anonymous_4)
FN:64,(anonymous_5)
FN:73,(anonymous_6)
FN:84,(anonymous_7)
FNF:8
FNH:8
FNDA:7,(anonymous_0)
FNDA:3,(anonymous_1)
FNDA:1,(anonymous_2)
FNDA:1,(anonymous_3)
FNDA:2,(anonymous_4)
FNDA:2,(anonymous_5)
FNDA:3,(anonymous_6)
FNDA:2,(anonymous_7)
DA:12,1
DA:13,7
DA:14,7
DA:15,7
DA:18,7
DA:19,7
DA:20,7
DA:24,3
DA:25,3
DA:26,3
DA:27,3
DA:31,3
DA:35,3
DA:36,1
DA:37,1
DA:40,2
DA:43,1
DA:44,1
DA:45,1
DA:48,1
DA:54,2
DA:61,2
DA:65,2
DA:70,2
DA:74,3
DA:81,3
DA:85,2
DA:86,2
DA:87,1
DA:88,1
DA:91,1
LF:31
LH:31
BRDA:31,0,0,3
BRDA:31,0,1,0
BRDA:31,0,2,0
BRDA:33,1,0,0
BRDA:33,1,1,0
BRDA:33,2,0,0
BRDA:33,2,1,0
BRDA:35,3,0,1
BRDA:61,4,0,1
BRDA:61,4,1,1
BRDA:61,5,0,1
BRDA:61,5,1,0
BRDA:70,6,0,1
BRDA:70,6,1,1
BRDA:70,7,0,1
BRDA:70,7,1,0
BRDA:81,8,0,2
BRDA:81,8,1,1
BRDA:81,9,0,2
BRDA:81,9,1,1
BRDA:86,10,0,1
BRF:21
BRH:13
end_of_record
TN:
SF:src/app/components/register/register.component.ts
FN:17,(anonymous_0)
FN:19,(anonymous_1)
FN:27,(anonymous_2)
FN:31,(anonymous_3)
FNF:4
FNH:4
FNDA:4,(anonymous_0)
FNDA:4,(anonymous_1)
FNDA:1,(anonymous_2)
FNDA:2,(anonymous_3)
DA:11,1
DA:12,4
DA:13,4
DA:14,4
DA:15,4
DA:17,4
DA:20,4
DA:21,4
DA:22,1
DA:23,1
DA:26,3
DA:29,1
DA:32,2
DA:33,2
DA:34,1
DA:35,1
DA:38,1
LF:17
LH:17
BRDA:21,0,0,1
BRDA:33,1,0,1
BRF:2
BRH:2
end_of_record
TN:
SF:src/app/components/search/search.component.ts
FN:19,(anonymous_0)
FN:26,(anonymous_1)
FN:35,(anonymous_2)
FN:46,(anonymous_3)
FN:50,(anonymous_4)
FN:57,(anonymous_5)
FN:64,(anonymous_6)
FN:65,(anonymous_7)
FN:71,(anonymous_8)
FN:77,(anonymous_9)
FNF:10
FNH:9
FNDA:8,(anonymous_0)
FNDA:2,(anonymous_1)
FNDA:3,(anonymous_2)
FNDA:1,(anonymous_3)
FNDA:1,(anonymous_4)
FNDA:2,(anonymous_5)
FNDA:1,(anonymous_6)
FNDA:1,(anonymous_7)
FNDA:0,(anonymous_8)
FNDA:1,(anonymous_9)
DA:13,1
DA:14,8
DA:15,8
DA:16,8
DA:17,8
DA:20,8
DA:21,8
DA:22,8
DA:23,8
DA:28,2
DA:29,2
DA:30,2
DA:31,1
DA:36,3
DA:37,3
DA:38,1
DA:41,2
DA:42,2
DA:44,2
DA:45,2
DA:47,1
DA:48,1
DA:51,1
DA:52,1
DA:58,2
DA:59,1
DA:60,1
DA:63,1
DA:65,1
DA:66,1
DA:72,0
DA:78,1
DA:79,1
DA:81,1
DA:83,1
DA:84,1
LF:36
LH:35
BRDA:29,0,0,2
BRDA:29,0,1,1
BRDA:30,1,0,1
BRDA:37,2,0,1
BRDA:58,3,0,1
BRDA:66,4,0,1
BRDA:66,4,1,0
BRDA:79,5,0,1
BRF:8
BRH:7
end_of_record
TN:
SF:src/app/services/api.service.ts
FN:13,(anonymous_0)
FN:15,(anonymous_1)
FN:21,(anonymous_2)
FN:27,(anonymous_3)
FN:33,(anonymous_4)
FN:39,(anonymous_5)
FNF:6
FNH:4
FNDA:3,(anonymous_0)
FNDA:2,(anonymous_1)
FNDA:1,(anonymous_2)
FNDA:1,(anonymous_3)
FNDA:0,(anonymous_4)
FNDA:0,(anonymous_5)
DA:8,1
DA:11,3
DA:13,3
DA:16,2
DA:18,2
DA:22,1
DA:28,1
DA:34,0
DA:40,0
LF:9
LH:7
BRDA:18,0,0,1
BRDA:18,0,1,1
BRF:2
BRH:2
end_of_record
TN:
SF:src/app/services/book.service.ts
FN:15,(anonymous_0)
FN:17,(anonymous_1)
FN:21,(anonymous_2)
FN:25,(anonymous_3)
FN:37,(anonymous_4)
FN:41,(anonymous_5)
FN:45,(anonymous_6)
FN:49,(anonymous_7)
FN:53,(anonymous_8)
FN:57,(anonymous_9)
FN:61,(anonymous_10)
FN:65,(anonymous_11)
FN:69,(anonymous_12)
FN:75,(anonymous_13)
FN:80,(anonymous_14)
FN:85,(anonymous_15)
FNF:16
FNH:7
FNDA:3,(anonymous_0)
FNDA:1,(anonymous_1)
FNDA:0,(anonymous_2)
FNDA:1,(anonymous_3)
FNDA:0,(anonymous_4)
FNDA:0,(anonymous_5)
FNDA:0,(anonymous_6)
FNDA:0,(anonymous_7)
FNDA:0,(anonymous_8)
FNDA:0,(anonymous_9)
FNDA:0,(anonymous_10)
FNDA:0,(anonymous_11)
FNDA:1,(anonymous_12)
FNDA:1,(anonymous_13)
FNDA:1,(anonymous_14)
FNDA:1,(anonymous_15)
DA:10,1
DA:12,3
DA:13,3
DA:15,3
DA:18,1
DA:22,0
DA:27,1
DA:38,0
DA:42,0
DA:46,0
DA:50,0
DA:54,0
DA:58,0
DA:62,0
DA:66,0
DA:72,1
DA:76,1
DA:77,1
DA:82,1
DA:86,1
LF:20
LH:11
BRDA:77,0,0,1
BRDA:77,0,1,0
BRDA:86,1,0,1
BRDA:86,1,1,0
BRF:4
BRH:2
end_of_record
